<?xml version="1.0" encoding="UTF-8"?>
<!-- Generated by org.testng.reporters.JUnitReportReporter -->
<testsuite skipped="0" hostname="DESKTOP-KQ0EMK1" name="testCases.CreateOneProduct" tests="3" failures="0" timestamp="2023-11-02T17:34:26 CDT" time="4.205" errors="0">
  <testcase name="createOneProduct" time="3.010" classname="testCases.CreateOneProduct"/>
  <system-out/>
  <testcase name="readAllProducts" time="0.667" classname="testCases.CreateOneProduct"/>
  <system-out/>
  <testcase name="readOneProduct" time="0.528" classname="testCases.CreateOneProduct"/>
  <system-out/>
</testsuite> <!-- testCases.CreateOneProduct -->
