<?xml version="1.0" encoding="UTF-8"?>
<!-- Generated by org.testng.reporters.JUnitReportReporter -->
<testsuite skipped="0" hostname="DESKTOP-KQ0EMK1" name="testCases.UpdateOneProductAdvanced" tests="4" failures="0" timestamp="2023-11-02T17:38:30 CDT" time="4.469" errors="0">
  <testcase name="createOneProduct" time="2.771" classname="testCases.UpdateOneProductAdvanced"/>
  <system-out/>
  <testcase name="readAllProducts" time="0.672" classname="testCases.UpdateOneProductAdvanced"/>
  <system-out/>
  <testcase name="updateOneProduct" time="0.491" classname="testCases.UpdateOneProductAdvanced"/>
  <system-out/>
  <testcase name="readOneUpdatedProduct" time="0.535" classname="testCases.UpdateOneProductAdvanced"/>
  <system-out/>
</testsuite> <!-- testCases.UpdateOneProductAdvanced -->
