<?xml version="1.0" encoding="UTF-8"?>
<!-- Generated by org.testng.reporters.JUnitReportReporter -->
<testsuite skipped="0" hostname="DESKTOP-KQ0EMK1" name="testCases.DeleteOneProductAdvanced" tests="4" failures="0" timestamp="2023-11-02T17:38:14 CDT" time="4.551" errors="0">
  <testcase name="createOneProduct" time="2.891" classname="testCases.DeleteOneProductAdvanced"/>
  <system-out/>
  <testcase name="readAllProducts" time="0.691" classname="testCases.DeleteOneProductAdvanced"/>
  <system-out/>
  <testcase name="deleteOneProduct" time="0.499" classname="testCases.DeleteOneProductAdvanced"/>
  <system-out/>
  <testcase name="readOneDeletedProduct" time="0.470" classname="testCases.DeleteOneProductAdvanced"/>
  <system-out/>
</testsuite> <!-- testCases.DeleteOneProductAdvanced -->
