<?xml version="1.0" encoding="UTF-8"?>
<!-- Generated by org.testng.reporters.JUnitReportReporter -->
<testsuite skipped="0" hostname="DESKTOP-KQ0EMK1" name="testCases.UpdateOneProduct" tests="2" failures="0" timestamp="2023-11-02T17:39:32 CDT" time="3.327" errors="0">
  <testcase name="updateOneProduct" time="2.794" classname="testCases.UpdateOneProduct"/>
  <system-out/>
  <testcase name="readOneUpdatedProduct" time="0.533" classname="testCases.UpdateOneProduct"/>
  <system-out/>
</testsuite> <!-- testCases.UpdateOneProduct -->
