<?xml version="1.0" encoding="UTF-8"?>
<!-- Generated by org.testng.reporters.JUnitReportReporter -->
<testsuite skipped="0" hostname="DESKTOP-KQ0EMK1" name="testCases.DeleteOneProduct" tests="2" failures="0" timestamp="2023-11-02T17:36:54 CDT" time="3.615" errors="0">
  <testcase name="deleteOneProduct" time="3.145" classname="testCases.DeleteOneProduct"/>
  <system-out/>
  <testcase name="readOneDeletedProduct" time="0.470" classname="testCases.DeleteOneProduct"/>
  <system-out/>
</testsuite> <!-- testCases.DeleteOneProduct -->
