<?xml version="1.0" encoding="UTF-8"?>
<!-- Generated by org.testng.reporters.JUnitReportReporter -->
<testsuite skipped="0" hostname="DESKTOP-KQ0EMK1" name="testCases.ReadOneProduct" tests="1" failures="0" timestamp="2023-11-02T17:33:54 CDT" time="3.319" errors="0">
  <testcase name="readOneProduct" time="3.319" classname="testCases.ReadOneProduct"/>
  <system-out/>
</testsuite> <!-- testCases.ReadOneProduct -->
