<?xml version="1.0" encoding="UTF-8"?>
<!-- Generated by org.testng.reporters.JUnitReportReporter -->
<testsuite skipped="0" hostname="DESKTOP-KQ0EMK1" name="testCases.ReadAllProducts" tests="1" failures="0" timestamp="2023-11-02T17:33:36 CDT" time="2.973" errors="0">
  <testcase name="readAllProducts" time="2.973" classname="testCases.ReadAllProducts"/>
  <system-out/>
</testsuite> <!-- testCases.ReadAllProducts -->
